<?xml version="1.0" encoding="UTF-8"?>
<!-- Generated by org.testng.reporters.JUnitXMLReporter -->
<testsuite hostname="SKFHS8M32" name="TmpTest" tests="3" failures="0" timestamp="25 Jan 2016 21:24:13 GMT" time="77.822" errors="0">
  <testcase name="checkLeaderboard" time="0.358" classname="com.selenium.tests.sheknows.ads.HotAdsTest"/>
  <testcase name="checkRightBottomDesktop" time="0.277" classname="com.selenium.tests.sheknows.ads.HotAdsTest"/>
  <testcase name="checkRightTopDesktop" time="0.145" classname="com.selenium.tests.sheknows.ads.HotAdsTest"/>
</testsuite> <!-- TmpTest -->
