<?xml version="1.0" encoding="UTF-8"?>
<testng-results skipped="0" failed="0" total="3" passed="3">
  <reporter-output>
  </reporter-output>
  <suite name="AutomateIt run" duration-ms="77822" started-at="2016-01-25T21:22:55Z" finished-at="2016-01-25T21:24:13Z">
    <groups>
      <group name="checkin">
        <method signature="HotAdsTest.checkLeaderboard()[pri:0, instance:com.selenium.tests.sheknows.ads.HotAdsTest@4086c938]" name="checkLeaderboard" class="com.selenium.tests.sheknows.ads.HotAdsTest"/>
        <method signature="HotAdsTest.checkRightBottomDesktop()[pri:0, instance:com.selenium.tests.sheknows.ads.HotAdsTest@4086c938]" name="checkRightBottomDesktop" class="com.selenium.tests.sheknows.ads.HotAdsTest"/>
        <method signature="HotAdsTest.checkRightTopDesktop()[pri:0, instance:com.selenium.tests.sheknows.ads.HotAdsTest@4086c938]" name="checkRightTopDesktop" class="com.selenium.tests.sheknows.ads.HotAdsTest"/>
      </group> <!-- checkin -->
    </groups>
    <test name="TmpTest" duration-ms="77822" started-at="2016-01-25T21:22:55Z" finished-at="2016-01-25T21:24:13Z">
      <class name="com.selenium.tests.sheknows.ads.HotAdsTest">
        <test-method status="PASS" signature="beforeClass(java.lang.String, java.lang.String, java.lang.String, java.lang.Boolean, org.testng.ITestContext)[pri:0, instance:com.selenium.tests.sheknows.ads.HotAdsTest@4086c938]" name="beforeClass" is-config="true" duration-ms="4195" started-at="2016-01-25T14:22:55Z" finished-at="2016-01-25T14:22:59Z">
          <params>
            <param index="0">
              <value>
                <![CDATA[firefox]]>
              </value>
            </param>
            <param index="1">
              <value>
                <![CDATA[1.0]]>
              </value>
            </param>
            <param index="2">
              <value>
                <![CDATA[Windows]]>
              </value>
            </param>
            <param index="3">
              <value>
                <![CDATA[true]]>
              </value>
            </param>
            <param index="4">
              <value>
                <![CDATA[org.testng.TestRunner@1bee5118]]>
              </value>
            </param>
          </params>
          <reporter-output>
          </reporter-output>
        </test-method> <!-- beforeClass -->
        <test-method status="PASS" signature="beforeSuite()[pri:0, instance:com.selenium.tests.sheknows.ads.HotAdsTest@4086c938]" name="beforeSuite" is-config="true" duration-ms="0" started-at="2016-01-25T14:22:55Z" finished-at="2016-01-25T14:22:55Z">
          <reporter-output>
          </reporter-output>
        </test-method> <!-- beforeSuite -->
        <test-method status="PASS" signature="beforeTest()[pri:0, instance:com.selenium.tests.sheknows.ads.HotAdsTest@4086c938]" name="beforeTest" is-config="true" duration-ms="0" started-at="2016-01-25T14:22:55Z" finished-at="2016-01-25T14:22:55Z">
          <reporter-output>
          </reporter-output>
        </test-method> <!-- beforeTest -->
        <test-method status="PASS" signature="initTest()[pri:0, instance:com.selenium.tests.sheknows.ads.HotAdsTest@4086c938]" name="initTest" is-config="true" duration-ms="71923" started-at="2016-01-25T14:22:59Z" finished-at="2016-01-25T14:24:11Z">
          <reporter-output>
          </reporter-output>
        </test-method> <!-- initTest -->
        <test-method status="PASS" signature="beforeMethod()[pri:0, instance:com.selenium.tests.sheknows.ads.HotAdsTest@4086c938]" name="beforeMethod" is-config="true" duration-ms="0" started-at="2016-01-25T14:24:11Z" finished-at="2016-01-25T14:24:11Z">
          <reporter-output>
          </reporter-output>
        </test-method> <!-- beforeMethod -->
        <test-method status="PASS" signature="checkLeaderboard()[pri:0, instance:com.selenium.tests.sheknows.ads.HotAdsTest@4086c938]" name="checkLeaderboard" duration-ms="358" started-at="2016-01-25T14:24:11Z" finished-at="2016-01-25T14:24:11Z">
          <reporter-output>
          </reporter-output>
        </test-method> <!-- checkLeaderboard -->
        <test-method status="PASS" signature="afterMethod(org.testng.ITestResult)[pri:0, instance:com.selenium.tests.sheknows.ads.HotAdsTest@4086c938]" name="afterMethod" is-config="true" duration-ms="0" started-at="2016-01-25T14:24:11Z" finished-at="2016-01-25T14:24:11Z">
          <params>
            <param index="0">
              <value>
                <![CDATA[[TestResult name=checkLeaderboard status=SUCCESS method=HotAdsTest.checkLeaderboard()[pri:0, instance:com.selenium.tests.sheknows.ads.HotAdsTest@4086c938] output={null}]]]>
              </value>
            </param>
          </params>
          <reporter-output>
          </reporter-output>
        </test-method> <!-- afterMethod -->
        <test-method status="PASS" signature="checkRightBottomDesktop()[pri:0, instance:com.selenium.tests.sheknows.ads.HotAdsTest@4086c938]" name="checkRightBottomDesktop" duration-ms="277" started-at="2016-01-25T14:24:11Z" finished-at="2016-01-25T14:24:12Z">
          <reporter-output>
          </reporter-output>
        </test-method> <!-- checkRightBottomDesktop -->
        <test-method status="PASS" signature="beforeMethod()[pri:0, instance:com.selenium.tests.sheknows.ads.HotAdsTest@4086c938]" name="beforeMethod" is-config="true" duration-ms="0" started-at="2016-01-25T14:24:11Z" finished-at="2016-01-25T14:24:11Z">
          <reporter-output>
          </reporter-output>
        </test-method> <!-- beforeMethod -->
        <test-method status="PASS" signature="beforeMethod()[pri:0, instance:com.selenium.tests.sheknows.ads.HotAdsTest@4086c938]" name="beforeMethod" is-config="true" duration-ms="0" started-at="2016-01-25T14:24:12Z" finished-at="2016-01-25T14:24:12Z">
          <reporter-output>
          </reporter-output>
        </test-method> <!-- beforeMethod -->
        <test-method status="PASS" signature="afterMethod(org.testng.ITestResult)[pri:0, instance:com.selenium.tests.sheknows.ads.HotAdsTest@4086c938]" name="afterMethod" is-config="true" duration-ms="0" started-at="2016-01-25T14:24:12Z" finished-at="2016-01-25T14:24:12Z">
          <params>
            <param index="0">
              <value>
                <![CDATA[[TestResult name=checkRightBottomDesktop status=SUCCESS method=HotAdsTest.checkRightBottomDesktop()[pri:0, instance:com.selenium.tests.sheknows.ads.HotAdsTest@4086c938] output={null}]]]>
              </value>
            </param>
          </params>
          <reporter-output>
          </reporter-output>
        </test-method> <!-- afterMethod -->
        <test-method status="PASS" signature="checkRightTopDesktop()[pri:0, instance:com.selenium.tests.sheknows.ads.HotAdsTest@4086c938]" name="checkRightTopDesktop" duration-ms="145" started-at="2016-01-25T14:24:12Z" finished-at="2016-01-25T14:24:12Z">
          <reporter-output>
          </reporter-output>
        </test-method> <!-- checkRightTopDesktop -->
        <test-method status="PASS" signature="afterClass()[pri:0, instance:com.selenium.tests.sheknows.ads.HotAdsTest@4086c938]" name="afterClass" is-config="true" duration-ms="921" started-at="2016-01-25T14:24:12Z" finished-at="2016-01-25T14:24:13Z">
          <reporter-output>
          </reporter-output>
        </test-method> <!-- afterClass -->
        <test-method status="PASS" signature="afterMethod(org.testng.ITestResult)[pri:0, instance:com.selenium.tests.sheknows.ads.HotAdsTest@4086c938]" name="afterMethod" is-config="true" duration-ms="0" started-at="2016-01-25T14:24:12Z" finished-at="2016-01-25T14:24:12Z">
          <params>
            <param index="0">
              <value>
                <![CDATA[[TestResult name=checkRightTopDesktop status=SUCCESS method=HotAdsTest.checkRightTopDesktop()[pri:0, instance:com.selenium.tests.sheknows.ads.HotAdsTest@4086c938] output={null}]]]>
              </value>
            </param>
          </params>
          <reporter-output>
          </reporter-output>
        </test-method> <!-- afterMethod -->
        <test-method status="PASS" signature="afterTest()[pri:0, instance:com.selenium.tests.sheknows.ads.HotAdsTest@4086c938]" name="afterTest" is-config="true" duration-ms="0" started-at="2016-01-25T14:24:13Z" finished-at="2016-01-25T14:24:13Z">
          <reporter-output>
          </reporter-output>
        </test-method> <!-- afterTest -->
        <test-method status="PASS" signature="afterSuite()[pri:0, instance:com.selenium.tests.sheknows.ads.HotAdsTest@4086c938]" name="afterSuite" is-config="true" duration-ms="0" started-at="2016-01-25T14:24:13Z" finished-at="2016-01-25T14:24:13Z">
          <reporter-output>
          </reporter-output>
        </test-method> <!-- afterSuite -->
      </class> <!-- com.selenium.tests.sheknows.ads.HotAdsTest -->
    </test> <!-- TmpTest -->
  </suite> <!-- AutomateIt run -->
</testng-results>
